<?xml version="1.0" encoding="UTF-8"?>
<testng-results ignored="0" total="1" passed="1" failed="0" skipped="0">
  <reporter-output>
  </reporter-output>
  <suite started-at="2018-04-15T10:38:56Z" name="Default suite" finished-at="2018-04-15T10:39:16Z" duration-ms="19715">
    <groups>
    </groups>
    <test started-at="2018-04-15T10:38:56Z" name="Default test" finished-at="2018-04-15T10:39:16Z" duration-ms="19715">
      <class name="com.testscripts.SecondTest">
        <test-method is-config="true" signature="setExtent()[pri:0, instance:com.testscripts.SecondTest@e1de817]" started-at="2018-04-15T10:38:56Z" name="setExtent" finished-at="2018-04-15T10:38:57Z" duration-ms="159" status="PASS">
          <reporter-output>
          </reporter-output>
        </test-method> <!-- setExtent -->
        <test-method is-config="true" signature="setUp()[pri:0, instance:com.testscripts.SecondTest@e1de817]" started-at="2018-04-15T10:38:57Z" name="setUp" finished-at="2018-04-15T10:39:11Z" duration-ms="14226" status="PASS">
          <reporter-output>
          </reporter-output>
        </test-method> <!-- setUp -->
        <test-method signature="handleChildWindow()[pri:0, instance:com.testscripts.SecondTest@e1de817]" started-at="2018-04-15T10:39:11Z" name="handleChildWindow" finished-at="2018-04-15T10:39:16Z" duration-ms="5079" status="PASS">
          <reporter-output>
          </reporter-output>
        </test-method> <!-- handleChildWindow -->
        <test-method is-config="true" signature="clickSignOut(org.testng.ITestResult)[pri:0, instance:com.testscripts.SecondTest@e1de817]" started-at="2018-04-15T10:39:16Z" name="clickSignOut" finished-at="2018-04-15T10:39:16Z" duration-ms="1" status="PASS">
          <params>
            <param index="0">
              <value>
                <![CDATA[[TestResult name=handleChildWindow status=SUCCESS method=SecondTest.handleChildWindow()[pri:0, instance:com.testscripts.SecondTest@e1de817] output={null}]]]>
              </value>
            </param>
          </params>
          <reporter-output>
          </reporter-output>
        </test-method> <!-- clickSignOut -->
        <test-method is-config="true" signature="endReport()[pri:0, instance:com.testscripts.SecondTest@e1de817]" started-at="2018-04-15T10:39:16Z" name="endReport" finished-at="2018-04-15T10:39:16Z" duration-ms="237" status="PASS">
          <reporter-output>
          </reporter-output>
        </test-method> <!-- endReport -->
        <test-method is-config="true" signature="tearDown()[pri:0, instance:com.testscripts.SecondTest@e1de817]" started-at="2018-04-15T10:39:16Z" name="tearDown" finished-at="2018-04-15T10:39:22Z" duration-ms="5685" status="PASS">
          <reporter-output>
          </reporter-output>
        </test-method> <!-- tearDown -->
      </class> <!-- com.testscripts.SecondTest -->
    </test> <!-- Default test -->
  </suite> <!-- Default suite -->
</testng-results>
