<?xml version="1.0" encoding="UTF-8"?>
<!-- Generated by org.testng.reporters.JUnitXMLReporter -->
<testsuite ignored="6" hostname="DESKTOP-ONGOORI" failures="0" tests="3" name="Test" time="44.127" errors="0" timestamp="15 Apr 2018 06:37:23 GMT">
  <testcase classname="com.test.automation.uiautomation.testbase.TestBase" name="@AfterTest endReport" time="0.0">
    <failure type="java.lang.NullPointerException">
      <![CDATA[java.lang.NullPointerException
at com.relevantcodes.extentreports.Report.terminate(Report.java:412)
at com.relevantcodes.extentreports.ExtentReports.close(ExtentReports.java:708)
at com.test.automation.uiautomation.testbase.TestBase.endReport(TestBase.java:88)
... Removed 24 stack frames]]>
    </failure>
  </testcase> <!-- @AfterTest endReport -->
  <testcase classname="com.testscripts.SecondTest" name="handleChildWindow" time="10.261"/>
  <testcase classname="com.testscripts.ThirdTest" name="handleAlert" time="0.341"/>
  <testcase classname="com.testscripts.HandleNewTab" name="handleNewTab" time="17.449"/>
  <testcase classname="com.test.automation.uiautomation.testbase.TestBase" name="@BeforeTest setExtent" time="0.0">
    <ignored/>
  </testcase> <!-- @BeforeTest setExtent -->
  <testcase classname="com.test.automation.uiautomation.testbase.TestBase" name="@BeforeTest setExtent" time="0.0">
    <ignored/>
  </testcase> <!-- @BeforeTest setExtent -->
  <testcase classname="com.test.automation.uiautomation.testbase.TestBase" name="@AfterSuite tearDown" time="0.0">
    <ignored/>
  </testcase> <!-- @AfterSuite tearDown -->
  <testcase classname="com.test.automation.uiautomation.testbase.TestBase" name="@AfterSuite tearDown" time="0.0">
    <ignored/>
  </testcase> <!-- @AfterSuite tearDown -->
  <testcase classname="com.test.automation.uiautomation.testbase.TestBase" name="@AfterTest endReport" time="0.0">
    <ignored/>
  </testcase> <!-- @AfterTest endReport -->
  <testcase classname="com.test.automation.uiautomation.testbase.TestBase" name="@AfterTest endReport" time="0.0">
    <ignored/>
  </testcase> <!-- @AfterTest endReport -->
</testsuite> <!-- Test -->
